-------------------------------------------------------------------------------
Test set: com.cloudera.AssumptionTests
-------------------------------------------------------------------------------
Tests run: 1, Failures: 1, Errors: 0, Skipped: 0, Time elapsed: 0.691 s <<< FAILURE! - in com.cloudera.AssumptionTests
insertEventShouldSerializeToJsonString(com.cloudera.AssumptionTests)  Time elapsed: 0.567 s  <<< FAILURE!
org.junit.ComparisonFailure: Generated JSON from InsertEvent expected:<{"[foo":"bar"]}> but was:<{"[status":true,"handler":null,"parameters":{},"environmentContext":null,"table":{"tableName":null,"dbName":null,"owner":null,"createTime":0,"lastAccessTime":0,"retention":0,"sd":null,"partitionKeys":null,"parameters":null,"viewOriginalText":null,"viewExpandedText":null,"tableType":null,"privileges":null,"temporary":false,"rewriteEnabled":false,"creationMetadata":null,"catName":null,"ownerType":"USER","setDbName":false,"setTableName":false,"setCreateTime":false,"setLastAccessTime":false,"setSd":false,"parametersSize":0,"setParameters":false,"setPrivileges":false,"setCatName":false,"setOwner":false,"setRetention":false,"partitionKeysSize":0,"partitionKeysIterator":null,"setPartitionKeys":false,"setViewOriginalText":false,"setViewExpandedText":false,"setTableType":false,"setTemporary":false,"setRewriteEnabled":false,"setCreationMetadata":false,"setOwnerType":true},"partitionIterator":[{"values":["1","part1"],"dbName":null,"tableName":null,"createTime":0,"lastAccessTime":0,"sd":null,"parameters":null,"privileges":null,"catName":null,"valuesSize":2,"valuesIterator":["1","part1"],"setValues":true,"setDbName":false,"setTableName":false,"setCreateTime":false,"setLastAccessTime":false,"setSd":false,"parametersSize":0,"setParameters":false,"setPrivileges":false,"setCatName":false}],"ihmshandler":null]}>
	at com.cloudera.AssumptionTests.insertEventShouldSerializeToJsonString(AssumptionTests.java:50)

