<?xml version="1.0" encoding="UTF-8"?>
<testsuite xmlns:xsi="http://www.w3.org/2001/XMLSchema-instance" xsi:noNamespaceSchemaLocation="https://maven.apache.org/surefire/maven-surefire-plugin/xsd/surefire-test-report.xsd" name="com.cloudera.AssumptionTests" time="0.691" tests="1" errors="0" skipped="0" failures="1">
  <properties>
[...]
</properties>
  <testcase name="insertEventShouldSerializeToJsonString" classname="com.cloudera.AssumptionTests" time="0.567">
    <failure message="Generated JSON from InsertEvent expected:&lt;{&quot;[foo&quot;:&quot;bar&quot;]}&gt; but was:&lt;{&quot;[status&quot;:true,&quot;handler&quot;:null,&quot;parameters&quot;:{},&quot;environmentContext&quot;:null,&quot;table&quot;:{&quot;tableName&quot;:null,&quot;dbName&quot;:null,&quot;owner&quot;:null,&quot;createTime&quot;:0,&quot;lastAccessTime&quot;:0,&quot;retention&quot;:0,&quot;sd&quot;:null,&quot;partitionKeys&quot;:null,&quot;parameters&quot;:null,&quot;viewOriginalText&quot;:null,&quot;viewExpandedText&quot;:null,&quot;tableType&quot;:null,&quot;privileges&quot;:null,&quot;temporary&quot;:false,&quot;rewriteEnabled&quot;:false,&quot;creationMetadata&quot;:null,&quot;catName&quot;:null,&quot;ownerType&quot;:&quot;USER&quot;,&quot;setDbName&quot;:false,&quot;setTableName&quot;:false,&quot;setCreateTime&quot;:false,&quot;setLastAccessTime&quot;:false,&quot;setSd&quot;:false,&quot;parametersSize&quot;:0,&quot;setParameters&quot;:false,&quot;setPrivileges&quot;:false,&quot;setCatName&quot;:false,&quot;setOwner&quot;:false,&quot;setRetention&quot;:false,&quot;partitionKeysSize&quot;:0,&quot;partitionKeysIterator&quot;:null,&quot;setPartitionKeys&quot;:false,&quot;setViewOriginalText&quot;:false,&quot;setViewExpandedText&quot;:false,&quot;setTableType&quot;:false,&quot;setTemporary&quot;:false,&quot;setRewriteEnabled&quot;:false,&quot;setCreationMetadata&quot;:false,&quot;setOwnerType&quot;:true},&quot;partitionIterator&quot;:[{&quot;values&quot;:[&quot;1&quot;,&quot;part1&quot;],&quot;dbName&quot;:null,&quot;tableName&quot;:null,&quot;createTime&quot;:0,&quot;lastAccessTime&quot;:0,&quot;sd&quot;:null,&quot;parameters&quot;:null,&quot;privileges&quot;:null,&quot;catName&quot;:null,&quot;valuesSize&quot;:2,&quot;valuesIterator&quot;:[&quot;1&quot;,&quot;part1&quot;],&quot;setValues&quot;:true,&quot;setDbName&quot;:false,&quot;setTableName&quot;:false,&quot;setCreateTime&quot;:false,&quot;setLastAccessTime&quot;:false,&quot;setSd&quot;:false,&quot;parametersSize&quot;:0,&quot;setParameters&quot;:false,&quot;setPrivileges&quot;:false,&quot;setCatName&quot;:false}],&quot;ihmshandler&quot;:null]}&gt;" type="org.junit.ComparisonFailure"><![CDATA[org.junit.ComparisonFailure: Generated JSON from InsertEvent expected:<{"[foo":"bar"]}> but was:<{"[status":true,"handler":null,"parameters":{},"environmentContext":null,"table":{"tableName":null,"dbName":null,"owner":null,"createTime":0,"lastAccessTime":0,"retention":0,"sd":null,"partitionKeys":null,"parameters":null,"viewOriginalText":null,"viewExpandedText":null,"tableType":null,"privileges":null,"temporary":false,"rewriteEnabled":false,"creationMetadata":null,"catName":null,"ownerType":"USER","setDbName":false,"setTableName":false,"setCreateTime":false,"setLastAccessTime":false,"setSd":false,"parametersSize":0,"setParameters":false,"setPrivileges":false,"setCatName":false,"setOwner":false,"setRetention":false,"partitionKeysSize":0,"partitionKeysIterator":null,"setPartitionKeys":false,"setViewOriginalText":false,"setViewExpandedText":false,"setTableType":false,"setTemporary":false,"setRewriteEnabled":false,"setCreationMetadata":false,"setOwnerType":true},"partitionIterator":[{"values":["1","part1"],"dbName":null,"tableName":null,"createTime":0,"lastAccessTime":0,"sd":null,"parameters":null,"privileges":null,"catName":null,"valuesSize":2,"valuesIterator":["1","part1"],"setValues":true,"setDbName":false,"setTableName":false,"setCreateTime":false,"setLastAccessTime":false,"setSd":false,"parametersSize":0,"setParameters":false,"setPrivileges":false,"setCatName":false}],"ihmshandler":null]}>
	at com.cloudera.AssumptionTests.insertEventShouldSerializeToJsonString(AssumptionTests.java:50)
]]></failure>
  </testcase>
</testsuite>